NOTE: Picked up JDK_JAVA_OPTIONS:  --add-opens=java.base/java.lang=ALL-UNNAMED --add-opens=java.base/java.io=ALL-UNNAMED --add-opens=java.base/java.util=ALL-UNNAMED --add-opens=java.base/java.util.concurrent=ALL-UNNAMED --add-opens=java.rmi/sun.rmi.transport=ALL-UNNAMED
01-Jun-2022 04:04:03.864 INFO [main] org.apache.catalina.startup.VersionLoggerListener.log Server version name:   Apache Tomcat/10.0.20
01-Jun-2022 04:04:03.869 INFO [main] org.apache.catalina.startup.VersionLoggerListener.log Server built:          Mar 31 2022 14:24:36 UTC
01-Jun-2022 04:04:03.871 INFO [main] org.apache.catalina.startup.VersionLoggerListener.log Server version number: 10.0.20.0
01-Jun-2022 04:04:03.872 INFO [main] org.apache.catalina.startup.VersionLoggerListener.log OS Name:               Linux
01-Jun-2022 04:04:03.878 INFO [main] org.apache.catalina.startup.VersionLoggerListener.log OS Version:            5.13.0-39-generic
01-Jun-2022 04:04:03.879 INFO [main] org.apache.catalina.startup.VersionLoggerListener.log Architecture:          amd64
01-Jun-2022 04:04:03.880 INFO [main] org.apache.catalina.startup.VersionLoggerListener.log Java Home:             /usr/lib/jvm/java-11-openjdk-amd64
01-Jun-2022 04:04:03.881 INFO [main] org.apache.catalina.startup.VersionLoggerListener.log JVM Version:           11.0.15+10-Ubuntu-0ubuntu0.21.10.1
01-Jun-2022 04:04:03.882 INFO [main] org.apache.catalina.startup.VersionLoggerListener.log JVM Vendor:            Private Build
01-Jun-2022 04:04:03.891 INFO [main] org.apache.catalina.startup.VersionLoggerListener.log CATALINA_BASE:         /usr/lib/tomcat/apache-tomcat-10.0.20
01-Jun-2022 04:04:03.892 INFO [main] org.apache.catalina.startup.VersionLoggerListener.log CATALINA_HOME:         /usr/lib/tomcat/apache-tomcat-10.0.20
01-Jun-2022 04:04:03.915 INFO [main] org.apache.catalina.startup.VersionLoggerListener.log Command line argument: --add-opens=java.base/java.lang=ALL-UNNAMED
01-Jun-2022 04:04:03.915 INFO [main] org.apache.catalina.startup.VersionLoggerListener.log Command line argument: --add-opens=java.base/java.io=ALL-UNNAMED
01-Jun-2022 04:04:03.916 INFO [main] org.apache.catalina.startup.VersionLoggerListener.log Command line argument: --add-opens=java.base/java.util=ALL-UNNAMED
01-Jun-2022 04:04:03.916 INFO [main] org.apache.catalina.startup.VersionLoggerListener.log Command line argument: --add-opens=java.base/java.util.concurrent=ALL-UNNAMED
01-Jun-2022 04:04:03.916 INFO [main] org.apache.catalina.startup.VersionLoggerListener.log Command line argument: --add-opens=java.rmi/sun.rmi.transport=ALL-UNNAMED
01-Jun-2022 04:04:03.917 INFO [main] org.apache.catalina.startup.VersionLoggerListener.log Command line argument: -Djava.util.logging.config.file=/usr/lib/tomcat/apache-tomcat-10.0.20/conf/logging.properties
01-Jun-2022 04:04:03.918 INFO [main] org.apache.catalina.startup.VersionLoggerListener.log Command line argument: -Djava.util.logging.manager=org.apache.juli.ClassLoaderLogManager
01-Jun-2022 04:04:03.919 INFO [main] org.apache.catalina.startup.VersionLoggerListener.log Command line argument: -Djdk.tls.ephemeralDHKeySize=2048
01-Jun-2022 04:04:03.919 INFO [main] org.apache.catalina.startup.VersionLoggerListener.log Command line argument: -Djava.protocol.handler.pkgs=org.apache.catalina.webresources
01-Jun-2022 04:04:03.919 INFO [main] org.apache.catalina.startup.VersionLoggerListener.log Command line argument: -Dorg.apache.catalina.security.SecurityListener.UMASK=0027
01-Jun-2022 04:04:03.920 INFO [main] org.apache.catalina.startup.VersionLoggerListener.log Command line argument: -Dignore.endorsed.dirs=
01-Jun-2022 04:04:03.920 INFO [main] org.apache.catalina.startup.VersionLoggerListener.log Command line argument: -Dcatalina.base=/usr/lib/tomcat/apache-tomcat-10.0.20
01-Jun-2022 04:04:03.921 INFO [main] org.apache.catalina.startup.VersionLoggerListener.log Command line argument: -Dcatalina.home=/usr/lib/tomcat/apache-tomcat-10.0.20
01-Jun-2022 04:04:03.921 INFO [main] org.apache.catalina.startup.VersionLoggerListener.log Command line argument: -Djava.io.tmpdir=/usr/lib/tomcat/apache-tomcat-10.0.20/temp
01-Jun-2022 04:04:03.928 INFO [main] org.apache.catalina.core.AprLifecycleListener.lifecycleEvent The Apache Tomcat Native library which allows using OpenSSL was not found on the java.library.path: [/usr/java/packages/lib:/usr/lib/x86_64-linux-gnu/jni:/lib/x86_64-linux-gnu:/usr/lib/x86_64-linux-gnu:/usr/lib/jni:/lib:/usr/lib]
01-Jun-2022 04:04:04.444 INFO [main] org.apache.coyote.AbstractProtocol.init Initializing ProtocolHandler ["http-nio-8080"]
01-Jun-2022 04:04:04.474 INFO [main] org.apache.catalina.startup.Catalina.load Server initialization in [987] milliseconds
01-Jun-2022 04:04:04.602 INFO [main] org.apache.catalina.core.StandardService.startInternal Starting service [Catalina]
01-Jun-2022 04:04:04.602 INFO [main] org.apache.catalina.core.StandardEngine.startInternal Starting Servlet engine: [Apache Tomcat/10.0.20]
01-Jun-2022 04:04:04.678 INFO [main] org.apache.catalina.startup.HostConfig.deployWAR Deploying web application archive [/usr/lib/tomcat/apache-tomcat-10.0.20/webapps/gitbucket.war]
01-Jun-2022 04:08:08.722 INFO [main] org.apache.jasper.servlet.TldScanner.scanJars At least one JAR was scanned for TLDs yet contained no TLDs. Enable debug logging for this logger for a complete list of JARs that were scanned but no TLDs were found in them. Skipping unneeded JARs during scanning can improve startup time and JSP compilation time.
01-Jun-2022 04:08:08.829 SEVERE [main] org.apache.catalina.core.StandardContext.startInternal One or more listeners failed to start. Full details will be found in the appropriate container log file
01-Jun-2022 04:08:08.837 SEVERE [main] org.apache.catalina.core.StandardContext.startInternal Context [/gitbucket] startup failed due to previous errors
01-Jun-2022 04:08:08.873 INFO [main] org.apache.catalina.startup.HostConfig.deployWAR Deployment of web application archive [/usr/lib/tomcat/apache-tomcat-10.0.20/webapps/gitbucket.war] has finished in [244,195] ms
01-Jun-2022 04:08:08.876 INFO [main] org.apache.catalina.startup.HostConfig.deployDirectory Deploying web application directory [/usr/lib/tomcat/apache-tomcat-10.0.20/webapps/docs]
01-Jun-2022 04:08:09.188 INFO [main] org.apache.catalina.startup.HostConfig.deployDirectory Deployment of web application directory [/usr/lib/tomcat/apache-tomcat-10.0.20/webapps/docs] has finished in [312] ms
01-Jun-2022 04:08:09.190 INFO [main] org.apache.catalina.startup.HostConfig.deployDirectory Deploying web application directory [/usr/lib/tomcat/apache-tomcat-10.0.20/webapps/examples]
01-Jun-2022 04:08:17.345 INFO [main] org.apache.catalina.startup.HostConfig.deployDirectory Deployment of web application directory [/usr/lib/tomcat/apache-tomcat-10.0.20/webapps/examples] has finished in [8,155] ms
01-Jun-2022 04:08:17.347 INFO [main] org.apache.catalina.startup.HostConfig.deployDirectory Deploying web application directory [/usr/lib/tomcat/apache-tomcat-10.0.20/webapps/host-manager]
01-Jun-2022 04:08:17.630 INFO [main] org.apache.catalina.startup.HostConfig.deployDirectory Deployment of web application directory [/usr/lib/tomcat/apache-tomcat-10.0.20/webapps/host-manager] has finished in [283] ms
01-Jun-2022 04:08:17.632 INFO [main] org.apache.catalina.startup.HostConfig.deployDirectory Deploying web application directory [/usr/lib/tomcat/apache-tomcat-10.0.20/webapps/manager]
01-Jun-2022 04:08:17.934 INFO [main] org.apache.catalina.startup.HostConfig.deployDirectory Deployment of web application directory [/usr/lib/tomcat/apache-tomcat-10.0.20/webapps/manager] has finished in [301] ms
01-Jun-2022 04:08:17.936 INFO [main] org.apache.catalina.startup.HostConfig.deployDirectory Deploying web application directory [/usr/lib/tomcat/apache-tomcat-10.0.20/webapps/ROOT]
01-Jun-2022 04:08:18.185 INFO [main] org.apache.catalina.startup.HostConfig.deployDirectory Deployment of web application directory [/usr/lib/tomcat/apache-tomcat-10.0.20/webapps/ROOT] has finished in [249] ms
01-Jun-2022 04:08:18.206 INFO [main] org.apache.coyote.AbstractProtocol.start Starting ProtocolHandler ["http-nio-8080"]
01-Jun-2022 04:08:18.244 INFO [main] org.apache.catalina.startup.Catalina.start Server startup in [253767] milliseconds
